<?xml version="1.0" encoding="UTF-8"?>
<!-- Generated by org.testng.reporters.JUnitXMLReporter -->
<testsuite ignored="1" hostname="vbs-MacBook-Pro.local" failures="0" tests="1" name="Default test" time="2.839" errors="0" timestamp="2025-02-03T03:47:18 SGT">
  <testcase classname="testCases.TC001_SearchTest" name="searchTest" time="0.198"/>
  <testcase classname="testCases.TC001_SearchTest" name="radioBtnTest" time="0.0">
    <ignored/>
  </testcase> <!-- radioBtnTest -->
</testsuite> <!-- Default test -->
