<?xml version="1.0" encoding="UTF-8"?>
<testng-results ignored="1" total="2" passed="1" failed="0" skipped="0">
  <reporter-output>
  </reporter-output>
  <suite started-at="2025-02-03T03:47:15 SGT" name="Default suite" finished-at="2025-02-03T03:47:18 SGT" duration-ms="2839">
    <groups>
    </groups>
    <test started-at="2025-02-03T03:47:15 SGT" name="Default test" finished-at="2025-02-03T03:47:18 SGT" duration-ms="2839">
      <class name="testCases.TC001_SearchTest">
        <test-method is-config="true" signature="setup()[pri:0, instance:testCases.TC001_SearchTest@4f83df68]" started-at="2025-02-03T03:47:15 SGT" name="setup" finished-at="2025-02-03T03:47:18 SGT" duration-ms="2529" status="PASS">
          <reporter-output>
          </reporter-output>
        </test-method> <!-- setup -->
        <test-method signature="searchTest()[pri:0, instance:testCases.TC001_SearchTest@4f83df68]" started-at="2025-02-03T03:47:18 SGT" name="searchTest" finished-at="2025-02-03T03:47:18 SGT" duration-ms="198" status="PASS">
          <reporter-output>
          </reporter-output>
        </test-method> <!-- searchTest -->
        <test-method is-config="true" signature="tearDown()[pri:0, instance:testCases.TC001_SearchTest@4f83df68]" started-at="2025-02-03T03:47:18 SGT" name="tearDown" finished-at="2025-02-03T03:47:18 SGT" duration-ms="95" status="PASS">
          <reporter-output>
          </reporter-output>
        </test-method> <!-- tearDown -->
      </class> <!-- testCases.TC001_SearchTest -->
    </test> <!-- Default test -->
  </suite> <!-- Default suite -->
</testng-results>
